2025-08-226 10:42 o.h.validator.internal.util.Version-HV000001: Hibernate Validator 8.0.2.Final
2025-08-226 10:42 b.ordersystem.OrdersystemApplication-Starting OrdersystemApplication using Java 17.0.15 with PID 15020 (C:\Users\Playdata\Desktop\SW_Camp\ordersystem\build\classes\java\main started by Playdata in C:\Users\Playdata\Desktop\SW_Camp\ordersystem)
2025-08-226 10:42 b.ordersystem.OrdersystemApplication-The following 1 profile is active: "prod"
2025-08-226 10:42 o.s.d.r.c.RepositoryConfigurationDelegate-Multiple Spring Data modules found, entering strict repository configuration mode
2025-08-226 10:42 o.s.d.r.c.RepositoryConfigurationDelegate-Bootstrapping Spring Data JPA repositories in DEFAULT mode.
2025-08-226 10:42 o.s.d.r.c.RepositoryConfigurationDelegate-Finished Spring Data repository scanning in 183 ms. Found 4 JPA repository interfaces.
2025-08-226 10:42 o.s.d.r.c.RepositoryConfigurationDelegate-Multiple Spring Data modules found, entering strict repository configuration mode
2025-08-226 10:42 o.s.d.r.c.RepositoryConfigurationDelegate-Bootstrapping Spring Data Redis repositories in DEFAULT mode.
2025-08-226 10:42 o.s.d.r.c.RepositoryConfigurationExtensionSupport-Spring Data Redis - Could not safely identify store assignment for repository candidate interface be16.ordersystem.member.repository.MemberRepository; If you want this repository to be a Redis repository, consider annotating your entities with one of these annotations: org.springframework.data.redis.core.RedisHash (preferred), or consider extending one of the following types with your repository: org.springframework.data.keyvalue.repository.KeyValueRepository
2025-08-226 10:42 o.s.d.r.c.RepositoryConfigurationExtensionSupport-Spring Data Redis - Could not safely identify store assignment for repository candidate interface be16.ordersystem.odering.repository.OrderDetailRepository; If you want this repository to be a Redis repository, consider annotating your entities with one of these annotations: org.springframework.data.redis.core.RedisHash (preferred), or consider extending one of the following types with your repository: org.springframework.data.keyvalue.repository.KeyValueRepository
2025-08-226 10:42 o.s.d.r.c.RepositoryConfigurationExtensionSupport-Spring Data Redis - Could not safely identify store assignment for repository candidate interface be16.ordersystem.odering.repository.OrderingRepository; If you want this repository to be a Redis repository, consider annotating your entities with one of these annotations: org.springframework.data.redis.core.RedisHash (preferred), or consider extending one of the following types with your repository: org.springframework.data.keyvalue.repository.KeyValueRepository
2025-08-226 10:42 o.s.d.r.c.RepositoryConfigurationExtensionSupport-Spring Data Redis - Could not safely identify store assignment for repository candidate interface be16.ordersystem.product.repository.ProductRepository; If you want this repository to be a Redis repository, consider annotating your entities with one of these annotations: org.springframework.data.redis.core.RedisHash (preferred), or consider extending one of the following types with your repository: org.springframework.data.keyvalue.repository.KeyValueRepository
2025-08-226 10:42 o.s.d.r.c.RepositoryConfigurationDelegate-Finished Spring Data repository scanning in 13 ms. Found 0 Redis repository interfaces.
2025-08-226 10:42 o.s.b.w.e.tomcat.TomcatWebServer-Tomcat initialized with port 8080 (http)
2025-08-226 10:42 o.a.coyote.http11.Http11NioProtocol-Initializing ProtocolHandler ["http-nio-8080"]
2025-08-226 10:42 o.a.catalina.core.StandardService-Starting service [Tomcat]
2025-08-226 10:42 o.a.catalina.core.StandardEngine-Starting Servlet engine: [Apache Tomcat/10.1.43]
2025-08-226 10:42 o.a.c.c.C.[Tomcat].[localhost].[/]-Initializing Spring embedded WebApplicationContext
2025-08-226 10:42 o.s.b.w.s.c.ServletWebServerApplicationContext-Root WebApplicationContext: initialization completed in 3199 ms
2025-08-226 10:42 o.h.jpa.internal.util.LogHelper-HHH000204: Processing PersistenceUnitInfo [name: default]
2025-08-226 10:42 org.hibernate.Version-HHH000412: Hibernate ORM core version 6.6.22.Final
2025-08-226 10:42 o.h.c.i.RegionFactoryInitiator-HHH000026: Second-level cache disabled
2025-08-226 10:42 o.s.o.j.p.SpringPersistenceUnitInfo-No LoadTimeWeaver setup: ignoring JPA class transformer
2025-08-226 10:42 com.zaxxer.hikari.HikariDataSource-HikariPool-1 - Starting...
2025-08-226 10:42 com.zaxxer.hikari.pool.HikariPool-HikariPool-1 - Added connection org.mariadb.jdbc.Connection@6abb44cb
2025-08-226 10:42 com.zaxxer.hikari.HikariDataSource-HikariPool-1 - Start completed.
2025-08-226 10:42 org.hibernate.orm.deprecation-HHH90000025: MariaDBDialect does not need to be specified explicitly using 'hibernate.dialect' (remove the property setting and it will be selected by default)
2025-08-226 10:42 o.hibernate.orm.connections.pooling-HHH10001005: Database info:
	Database JDBC URL [Connecting through datasource 'HikariDataSource (HikariPool-1)']
	Database driver: undefined/unknown
	Database version: 11.7.2
	Autocommit mode: undefined/unknown
	Isolation level: undefined/unknown
	Minimum pool size: undefined/unknown
	Maximum pool size: undefined/unknown
2025-08-226 10:42 o.h.e.t.j.p.i.JtaPlatformInitiator-HHH000489: No JTA platform available (set 'hibernate.transaction.jta.platform' to enable JTA platform integration)
2025-08-226 10:42 o.s.o.j.LocalContainerEntityManagerFactoryBean-Initialized JPA EntityManagerFactory for persistence unit 'default'
2025-08-226 10:42 o.s.b.a.o.j.JpaBaseConfiguration$JpaWebConfiguration-spring.jpa.open-in-view is enabled by default. Therefore, database queries may be performed during view rendering. Explicitly configure spring.jpa.open-in-view to disable this warning
2025-08-226 10:42 o.s.b.a.s.s.UserDetailsServiceAutoConfiguration-

Using generated security password: 90ac78a6-040a-4459-bd7d-2f7e33306758

This generated password is for development use only. Your security configuration must be updated before running your application in production.

2025-08-226 10:42 o.s.s.c.a.a.c.InitializeUserDetailsBeanManagerConfigurer$InitializeUserDetailsManagerConfigurer-Global AuthenticationManager configured with UserDetailsService bean with name inMemoryUserDetailsManager
2025-08-226 10:43 o.a.coyote.http11.Http11NioProtocol-Starting ProtocolHandler ["http-nio-8080"]
2025-08-226 10:43 o.s.b.w.e.tomcat.TomcatWebServer-Tomcat started on port 8080 (http) with context path '/'
2025-08-226 10:43 o.s.a.r.c.CachingConnectionFactory-Attempting to connect to: localhost:5672
2025-08-226 10:43 o.s.a.r.c.CachingConnectionFactory-Created new connection: connectionFactory#1368ed98:0/SimpleConnection@174cd1a4 [delegate=amqp://guest@127.0.0.1:5672/, localPort=54105]
2025-08-226 10:43 b.ordersystem.OrdersystemApplication-Started OrdersystemApplication in 11.877 seconds (process running for 19.019)
2025-08-226 11:45 o.h.validator.internal.util.Version-HV000001: Hibernate Validator 8.0.2.Final
2025-08-226 11:45 b.ordersystem.OrdersystemApplication-Starting OrdersystemApplication using Java 17.0.15 with PID 12268 (C:\Users\Playdata\Desktop\SW_Camp\ordersystem\build\classes\java\main started by Playdata in C:\Users\Playdata\Desktop\SW_Camp\ordersystem)
2025-08-226 11:45 b.ordersystem.OrdersystemApplication-The following 1 profile is active: "prod"
2025-08-226 11:45 o.s.d.r.c.RepositoryConfigurationDelegate-Multiple Spring Data modules found, entering strict repository configuration mode
2025-08-226 11:45 o.s.d.r.c.RepositoryConfigurationDelegate-Bootstrapping Spring Data JPA repositories in DEFAULT mode.
2025-08-226 11:45 o.s.d.r.c.RepositoryConfigurationDelegate-Finished Spring Data repository scanning in 306 ms. Found 4 JPA repository interfaces.
2025-08-226 11:45 o.s.d.r.c.RepositoryConfigurationDelegate-Multiple Spring Data modules found, entering strict repository configuration mode
2025-08-226 11:45 o.s.d.r.c.RepositoryConfigurationDelegate-Bootstrapping Spring Data Redis repositories in DEFAULT mode.
2025-08-226 11:45 o.s.d.r.c.RepositoryConfigurationExtensionSupport-Spring Data Redis - Could not safely identify store assignment for repository candidate interface be16.ordersystem.member.repository.MemberRepository; If you want this repository to be a Redis repository, consider annotating your entities with one of these annotations: org.springframework.data.redis.core.RedisHash (preferred), or consider extending one of the following types with your repository: org.springframework.data.keyvalue.repository.KeyValueRepository
2025-08-226 11:45 o.s.d.r.c.RepositoryConfigurationExtensionSupport-Spring Data Redis - Could not safely identify store assignment for repository candidate interface be16.ordersystem.odering.repository.OrderDetailRepository; If you want this repository to be a Redis repository, consider annotating your entities with one of these annotations: org.springframework.data.redis.core.RedisHash (preferred), or consider extending one of the following types with your repository: org.springframework.data.keyvalue.repository.KeyValueRepository
2025-08-226 11:45 o.s.d.r.c.RepositoryConfigurationExtensionSupport-Spring Data Redis - Could not safely identify store assignment for repository candidate interface be16.ordersystem.odering.repository.OrderingRepository; If you want this repository to be a Redis repository, consider annotating your entities with one of these annotations: org.springframework.data.redis.core.RedisHash (preferred), or consider extending one of the following types with your repository: org.springframework.data.keyvalue.repository.KeyValueRepository
2025-08-226 11:45 o.s.d.r.c.RepositoryConfigurationExtensionSupport-Spring Data Redis - Could not safely identify store assignment for repository candidate interface be16.ordersystem.product.repository.ProductRepository; If you want this repository to be a Redis repository, consider annotating your entities with one of these annotations: org.springframework.data.redis.core.RedisHash (preferred), or consider extending one of the following types with your repository: org.springframework.data.keyvalue.repository.KeyValueRepository
2025-08-226 11:45 o.s.d.r.c.RepositoryConfigurationDelegate-Finished Spring Data repository scanning in 9 ms. Found 0 Redis repository interfaces.
2025-08-226 11:45 o.s.b.w.e.tomcat.TomcatWebServer-Tomcat initialized with port 8080 (http)
2025-08-226 11:45 o.a.coyote.http11.Http11NioProtocol-Initializing ProtocolHandler ["http-nio-8080"]
2025-08-226 11:45 o.a.catalina.core.StandardService-Starting service [Tomcat]
2025-08-226 11:45 o.a.catalina.core.StandardEngine-Starting Servlet engine: [Apache Tomcat/10.1.43]
2025-08-226 11:45 o.a.c.c.C.[Tomcat].[localhost].[/]-Initializing Spring embedded WebApplicationContext
2025-08-226 11:45 o.s.b.w.s.c.ServletWebServerApplicationContext-Root WebApplicationContext: initialization completed in 3121 ms
2025-08-226 11:45 o.h.jpa.internal.util.LogHelper-HHH000204: Processing PersistenceUnitInfo [name: default]
2025-08-226 11:45 org.hibernate.Version-HHH000412: Hibernate ORM core version 6.6.22.Final
2025-08-226 11:45 o.h.c.i.RegionFactoryInitiator-HHH000026: Second-level cache disabled
2025-08-226 11:45 o.s.o.j.p.SpringPersistenceUnitInfo-No LoadTimeWeaver setup: ignoring JPA class transformer
2025-08-226 11:45 com.zaxxer.hikari.HikariDataSource-HikariPool-1 - Starting...
2025-08-226 11:45 com.zaxxer.hikari.pool.HikariPool-HikariPool-1 - Added connection org.mariadb.jdbc.Connection@77b27b57
2025-08-226 11:45 com.zaxxer.hikari.HikariDataSource-HikariPool-1 - Start completed.
2025-08-226 11:45 org.hibernate.orm.deprecation-HHH90000025: MariaDBDialect does not need to be specified explicitly using 'hibernate.dialect' (remove the property setting and it will be selected by default)
2025-08-226 11:45 o.hibernate.orm.connections.pooling-HHH10001005: Database info:
	Database JDBC URL [Connecting through datasource 'HikariDataSource (HikariPool-1)']
	Database driver: undefined/unknown
	Database version: 11.7.2
	Autocommit mode: undefined/unknown
	Isolation level: undefined/unknown
	Minimum pool size: undefined/unknown
	Maximum pool size: undefined/unknown
2025-08-226 11:45 o.h.e.t.j.p.i.JtaPlatformInitiator-HHH000489: No JTA platform available (set 'hibernate.transaction.jta.platform' to enable JTA platform integration)
2025-08-226 11:45 o.s.o.j.LocalContainerEntityManagerFactoryBean-Initialized JPA EntityManagerFactory for persistence unit 'default'
2025-08-226 11:45 o.s.b.a.o.j.JpaBaseConfiguration$JpaWebConfiguration-spring.jpa.open-in-view is enabled by default. Therefore, database queries may be performed during view rendering. Explicitly configure spring.jpa.open-in-view to disable this warning
2025-08-226 11:45 o.s.b.a.s.s.UserDetailsServiceAutoConfiguration-

Using generated security password: 99240d26-1772-4c8c-8320-65f0922806c4

This generated password is for development use only. Your security configuration must be updated before running your application in production.

2025-08-226 11:45 o.s.s.c.a.a.c.InitializeUserDetailsBeanManagerConfigurer$InitializeUserDetailsManagerConfigurer-Global AuthenticationManager configured with UserDetailsService bean with name inMemoryUserDetailsManager
2025-08-226 11:45 o.a.coyote.http11.Http11NioProtocol-Starting ProtocolHandler ["http-nio-8080"]
2025-08-226 11:45 o.s.b.w.e.tomcat.TomcatWebServer-Tomcat started on port 8080 (http) with context path '/'
2025-08-226 11:45 o.s.a.r.c.CachingConnectionFactory-Attempting to connect to: localhost:5672
2025-08-226 11:45 o.s.a.r.c.CachingConnectionFactory-Created new connection: connectionFactory#6442c2dd:0/SimpleConnection@1c1082d9 [delegate=amqp://guest@127.0.0.1:5672/, localPort=62543]
2025-08-226 11:45 b.ordersystem.OrdersystemApplication-Started OrdersystemApplication in 9.372 seconds (process running for 10.082)
