2025-08-225 09:03 o.h.validator.internal.util.Version-HV000001: Hibernate Validator 8.0.2.Final
2025-08-225 09:03 b.ordersystem.OrdersystemApplication-Starting OrdersystemApplication using Java 17.0.15 with PID 9296 (C:\Users\Playdata\Desktop\SW_Camp\ordersystem\build\classes\java\main started by Playdata in C:\Users\Playdata\Desktop\SW_Camp\ordersystem)
2025-08-225 09:03 b.ordersystem.OrdersystemApplication-The following 1 profile is active: "prod"
2025-08-225 09:03 o.s.d.r.c.RepositoryConfigurationDelegate-Multiple Spring Data modules found, entering strict repository configuration mode
2025-08-225 09:03 o.s.d.r.c.RepositoryConfigurationDelegate-Bootstrapping Spring Data JPA repositories in DEFAULT mode.
2025-08-225 09:03 o.s.d.r.c.RepositoryConfigurationDelegate-Finished Spring Data repository scanning in 192 ms. Found 4 JPA repository interfaces.
2025-08-225 09:03 o.s.d.r.c.RepositoryConfigurationDelegate-Multiple Spring Data modules found, entering strict repository configuration mode
2025-08-225 09:03 o.s.d.r.c.RepositoryConfigurationDelegate-Bootstrapping Spring Data Redis repositories in DEFAULT mode.
2025-08-225 09:03 o.s.d.r.c.RepositoryConfigurationExtensionSupport-Spring Data Redis - Could not safely identify store assignment for repository candidate interface be16.ordersystem.member.repository.MemberRepository; If you want this repository to be a Redis repository, consider annotating your entities with one of these annotations: org.springframework.data.redis.core.RedisHash (preferred), or consider extending one of the following types with your repository: org.springframework.data.keyvalue.repository.KeyValueRepository
2025-08-225 09:03 o.s.d.r.c.RepositoryConfigurationExtensionSupport-Spring Data Redis - Could not safely identify store assignment for repository candidate interface be16.ordersystem.odering.repository.OrderDetailRepository; If you want this repository to be a Redis repository, consider annotating your entities with one of these annotations: org.springframework.data.redis.core.RedisHash (preferred), or consider extending one of the following types with your repository: org.springframework.data.keyvalue.repository.KeyValueRepository
2025-08-225 09:03 o.s.d.r.c.RepositoryConfigurationExtensionSupport-Spring Data Redis - Could not safely identify store assignment for repository candidate interface be16.ordersystem.odering.repository.OrderingRepository; If you want this repository to be a Redis repository, consider annotating your entities with one of these annotations: org.springframework.data.redis.core.RedisHash (preferred), or consider extending one of the following types with your repository: org.springframework.data.keyvalue.repository.KeyValueRepository
2025-08-225 09:03 o.s.d.r.c.RepositoryConfigurationExtensionSupport-Spring Data Redis - Could not safely identify store assignment for repository candidate interface be16.ordersystem.product.repository.ProductRepository; If you want this repository to be a Redis repository, consider annotating your entities with one of these annotations: org.springframework.data.redis.core.RedisHash (preferred), or consider extending one of the following types with your repository: org.springframework.data.keyvalue.repository.KeyValueRepository
2025-08-225 09:03 o.s.d.r.c.RepositoryConfigurationDelegate-Finished Spring Data repository scanning in 14 ms. Found 0 Redis repository interfaces.
2025-08-225 09:03 o.s.b.w.e.tomcat.TomcatWebServer-Tomcat initialized with port 8080 (http)
2025-08-225 09:03 o.a.coyote.http11.Http11NioProtocol-Initializing ProtocolHandler ["http-nio-8080"]
2025-08-225 09:03 o.a.catalina.core.StandardService-Starting service [Tomcat]
2025-08-225 09:03 o.a.catalina.core.StandardEngine-Starting Servlet engine: [Apache Tomcat/10.1.43]
2025-08-225 09:03 o.a.c.c.C.[Tomcat].[localhost].[/]-Initializing Spring embedded WebApplicationContext
2025-08-225 09:03 o.s.b.w.s.c.ServletWebServerApplicationContext-Root WebApplicationContext: initialization completed in 2949 ms
2025-08-225 09:04 o.h.jpa.internal.util.LogHelper-HHH000204: Processing PersistenceUnitInfo [name: default]
2025-08-225 09:04 org.hibernate.Version-HHH000412: Hibernate ORM core version 6.6.22.Final
2025-08-225 09:04 o.h.c.i.RegionFactoryInitiator-HHH000026: Second-level cache disabled
2025-08-225 09:04 o.s.o.j.p.SpringPersistenceUnitInfo-No LoadTimeWeaver setup: ignoring JPA class transformer
2025-08-225 09:04 com.zaxxer.hikari.HikariDataSource-HikariPool-1 - Starting...
2025-08-225 09:04 com.zaxxer.hikari.pool.HikariPool-HikariPool-1 - Added connection org.mariadb.jdbc.Connection@42b500aa
2025-08-225 09:04 com.zaxxer.hikari.HikariDataSource-HikariPool-1 - Start completed.
2025-08-225 09:04 org.hibernate.orm.deprecation-HHH90000025: MariaDBDialect does not need to be specified explicitly using 'hibernate.dialect' (remove the property setting and it will be selected by default)
2025-08-225 09:04 o.hibernate.orm.connections.pooling-HHH10001005: Database info:
	Database JDBC URL [Connecting through datasource 'HikariDataSource (HikariPool-1)']
	Database driver: undefined/unknown
	Database version: 11.7.2
	Autocommit mode: undefined/unknown
	Isolation level: undefined/unknown
	Minimum pool size: undefined/unknown
	Maximum pool size: undefined/unknown
2025-08-225 09:04 o.h.e.t.j.p.i.JtaPlatformInitiator-HHH000489: No JTA platform available (set 'hibernate.transaction.jta.platform' to enable JTA platform integration)
2025-08-225 09:04 o.s.o.j.LocalContainerEntityManagerFactoryBean-Initialized JPA EntityManagerFactory for persistence unit 'default'
2025-08-225 09:04 o.s.b.a.o.j.JpaBaseConfiguration$JpaWebConfiguration-spring.jpa.open-in-view is enabled by default. Therefore, database queries may be performed during view rendering. Explicitly configure spring.jpa.open-in-view to disable this warning
2025-08-225 09:04 o.s.b.a.s.s.UserDetailsServiceAutoConfiguration-

Using generated security password: 03ea676c-b685-45b1-8648-26840c45aa49

This generated password is for development use only. Your security configuration must be updated before running your application in production.

2025-08-225 09:04 o.s.s.c.a.a.c.InitializeUserDetailsBeanManagerConfigurer$InitializeUserDetailsManagerConfigurer-Global AuthenticationManager configured with UserDetailsService bean with name inMemoryUserDetailsManager
2025-08-225 09:04 o.a.coyote.http11.Http11NioProtocol-Starting ProtocolHandler ["http-nio-8080"]
2025-08-225 09:04 o.s.b.w.e.tomcat.TomcatWebServer-Tomcat started on port 8080 (http) with context path '/'
2025-08-225 09:04 o.s.a.r.c.CachingConnectionFactory-Attempting to connect to: localhost:5672
2025-08-225 09:04 o.s.a.r.c.CachingConnectionFactory-Created new connection: connectionFactory#4ce4c097:0/SimpleConnection@6ae30b05 [delegate=amqp://guest@127.0.0.1:5672/, localPort=53087]
2025-08-225 09:04 b.ordersystem.OrdersystemApplication-Started OrdersystemApplication in 11.347 seconds (process running for 18.286)
2025-08-225 09:26 o.a.c.c.C.[Tomcat].[localhost].[/]-Initializing Spring DispatcherServlet 'dispatcherServlet'
2025-08-225 09:26 o.s.web.servlet.DispatcherServlet-Initializing Servlet 'dispatcherServlet'
2025-08-225 09:26 o.s.web.servlet.DispatcherServlet-Completed initialization in 8 ms
2025-08-225 10:30 o.s.d.w.c.SpringDataJacksonConfiguration$PageModule$WarningLoggingModifier-Serializing PageImpl instances as-is is not supported, meaning that there is no guarantee about the stability of the resulting JSON structure!
	For a stable JSON structure, please use Spring Data's PagedModel (globally via @EnableSpringDataWebSupport(pageSerializationMode = VIA_DTO))
	or Spring HATEOAS and Spring Data's PagedResourcesAssembler as documented in https://docs.spring.io/spring-data/commons/reference/repositories/core-extensions.html#core.web.pageables.

2025-08-225 14:08 b.o.c.service.CommonExceptionHandler-Validation failed for argument [0] in public org.springframework.http.ResponseEntity<?> be16.ordersystem.product.controller.ProductController.addProduct(be16.ordersystem.product.dto.ProductCreateDto): [Field error in object 'productCreateDto' on field 'productImage': rejected value [null]; codes [typeMismatch.productCreateDto.productImage,typeMismatch.productImage,typeMismatch.org.springframework.web.multipart.MultipartFile,typeMismatch]; arguments [org.springframework.context.support.DefaultMessageSourceResolvable: codes [productCreateDto.productImage,productImage]; arguments []; default message [productImage]]; default message [Failed to convert property value of type 'java.lang.String' to required type 'org.springframework.web.multipart.MultipartFile' for property 'productImage'; Cannot convert value of type 'java.lang.String' to required type 'org.springframework.web.multipart.MultipartFile' for property 'productImage': no matching editors or conversion strategy found]] 
2025-08-225 14:09 b.o.c.service.CommonExceptionHandler-Validation failed for argument [0] in public org.springframework.http.ResponseEntity<?> be16.ordersystem.product.controller.ProductController.addProduct(be16.ordersystem.product.dto.ProductCreateDto): [Field error in object 'productCreateDto' on field 'productImage': rejected value [null]; codes [typeMismatch.productCreateDto.productImage,typeMismatch.productImage,typeMismatch.org.springframework.web.multipart.MultipartFile,typeMismatch]; arguments [org.springframework.context.support.DefaultMessageSourceResolvable: codes [productCreateDto.productImage,productImage]; arguments []; default message [productImage]]; default message [Failed to convert property value of type 'java.lang.String' to required type 'org.springframework.web.multipart.MultipartFile' for property 'productImage'; Cannot convert value of type 'java.lang.String' to required type 'org.springframework.web.multipart.MultipartFile' for property 'productImage': no matching editors or conversion strategy found]] 
2025-08-225 14:09 b.o.c.service.CommonExceptionHandler-Validation failed for argument [0] in public org.springframework.http.ResponseEntity<?> be16.ordersystem.product.controller.ProductController.addProduct(be16.ordersystem.product.dto.ProductCreateDto): [Field error in object 'productCreateDto' on field 'productImage': rejected value [null]; codes [typeMismatch.productCreateDto.productImage,typeMismatch.productImage,typeMismatch.org.springframework.web.multipart.MultipartFile,typeMismatch]; arguments [org.springframework.context.support.DefaultMessageSourceResolvable: codes [productCreateDto.productImage,productImage]; arguments []; default message [productImage]]; default message [Failed to convert property value of type 'java.lang.String' to required type 'org.springframework.web.multipart.MultipartFile' for property 'productImage'; Cannot convert value of type 'java.lang.String' to required type 'org.springframework.web.multipart.MultipartFile' for property 'productImage': no matching editors or conversion strategy found]] 
2025-08-225 14:09 b.o.c.service.CommonExceptionHandler-Validation failed for argument [0] in public org.springframework.http.ResponseEntity<?> be16.ordersystem.product.controller.ProductController.addProduct(be16.ordersystem.product.dto.ProductCreateDto): [Field error in object 'productCreateDto' on field 'productImage': rejected value [null]; codes [typeMismatch.productCreateDto.productImage,typeMismatch.productImage,typeMismatch.org.springframework.web.multipart.MultipartFile,typeMismatch]; arguments [org.springframework.context.support.DefaultMessageSourceResolvable: codes [productCreateDto.productImage,productImage]; arguments []; default message [productImage]]; default message [Failed to convert property value of type 'java.lang.String' to required type 'org.springframework.web.multipart.MultipartFile' for property 'productImage'; Cannot convert value of type 'java.lang.String' to required type 'org.springframework.web.multipart.MultipartFile' for property 'productImage': no matching editors or conversion strategy found]] 
2025-08-225 14:09 b.o.c.service.CommonExceptionHandler-Validation failed for argument [0] in public org.springframework.http.ResponseEntity<?> be16.ordersystem.product.controller.ProductController.addProduct(be16.ordersystem.product.dto.ProductCreateDto): [Field error in object 'productCreateDto' on field 'productImage': rejected value [null]; codes [typeMismatch.productCreateDto.productImage,typeMismatch.productImage,typeMismatch.org.springframework.web.multipart.MultipartFile,typeMismatch]; arguments [org.springframework.context.support.DefaultMessageSourceResolvable: codes [productCreateDto.productImage,productImage]; arguments []; default message [productImage]]; default message [Failed to convert property value of type 'java.lang.String' to required type 'org.springframework.web.multipart.MultipartFile' for property 'productImage'; Cannot convert value of type 'java.lang.String' to required type 'org.springframework.web.multipart.MultipartFile' for property 'productImage': no matching editors or conversion strategy found]] 
2025-08-225 14:09 b.o.c.service.CommonExceptionHandler-Validation failed for argument [0] in public org.springframework.http.ResponseEntity<?> be16.ordersystem.product.controller.ProductController.addProduct(be16.ordersystem.product.dto.ProductCreateDto): [Field error in object 'productCreateDto' on field 'productImage': rejected value [null]; codes [typeMismatch.productCreateDto.productImage,typeMismatch.productImage,typeMismatch.org.springframework.web.multipart.MultipartFile,typeMismatch]; arguments [org.springframework.context.support.DefaultMessageSourceResolvable: codes [productCreateDto.productImage,productImage]; arguments []; default message [productImage]]; default message [Failed to convert property value of type 'java.lang.String' to required type 'org.springframework.web.multipart.MultipartFile' for property 'productImage'; Cannot convert value of type 'java.lang.String' to required type 'org.springframework.web.multipart.MultipartFile' for property 'productImage': no matching editors or conversion strategy found]] 
2025-08-225 14:09 b.o.c.service.CommonExceptionHandler-Validation failed for argument [0] in public org.springframework.http.ResponseEntity<?> be16.ordersystem.product.controller.ProductController.addProduct(be16.ordersystem.product.dto.ProductCreateDto): [Field error in object 'productCreateDto' on field 'productImage': rejected value [null]; codes [typeMismatch.productCreateDto.productImage,typeMismatch.productImage,typeMismatch.org.springframework.web.multipart.MultipartFile,typeMismatch]; arguments [org.springframework.context.support.DefaultMessageSourceResolvable: codes [productCreateDto.productImage,productImage]; arguments []; default message [productImage]]; default message [Failed to convert property value of type 'java.lang.String' to required type 'org.springframework.web.multipart.MultipartFile' for property 'productImage'; Cannot convert value of type 'java.lang.String' to required type 'org.springframework.web.multipart.MultipartFile' for property 'productImage': no matching editors or conversion strategy found]] 
2025-08-225 14:09 b.o.c.service.CommonExceptionHandler-Validation failed for argument [0] in public org.springframework.http.ResponseEntity<?> be16.ordersystem.product.controller.ProductController.addProduct(be16.ordersystem.product.dto.ProductCreateDto): [Field error in object 'productCreateDto' on field 'productImage': rejected value [null]; codes [typeMismatch.productCreateDto.productImage,typeMismatch.productImage,typeMismatch.org.springframework.web.multipart.MultipartFile,typeMismatch]; arguments [org.springframework.context.support.DefaultMessageSourceResolvable: codes [productCreateDto.productImage,productImage]; arguments []; default message [productImage]]; default message [Failed to convert property value of type 'java.lang.String' to required type 'org.springframework.web.multipart.MultipartFile' for property 'productImage'; Cannot convert value of type 'java.lang.String' to required type 'org.springframework.web.multipart.MultipartFile' for property 'productImage': no matching editors or conversion strategy found]] 
2025-08-225 14:12 b.o.c.service.CommonExceptionHandler-Required request body is missing: public org.springframework.http.ResponseEntity<?> be16.ordersystem.odering.controller.OrderingController.create(java.util.List<be16.ordersystem.odering.dto.OrderCreateDto>)
2025-08-225 14:30 b.o.c.service.CommonExceptionHandler-이미 가입된 회원입니다.
2025-08-225 14:50 b.o.c.auth.JwtAuthenticationHandler-Full authentication is required to access this resource
2025-08-225 14:52 b.o.c.auth.JwtAuthenticationHandler-Full authentication is required to access this resource
