2025-08-219 16:47 o.h.validator.internal.util.Version-HV000001: Hibernate Validator 8.0.2.Final
2025-08-219 16:47 b.ordersystem.OrdersystemApplication-Starting OrdersystemApplication using Java 17.0.15 with PID 13728 (C:\Users\Playdata\Desktop\SW_Camp\ordersystem\build\classes\java\main started by Playdata in C:\Users\Playdata\Desktop\SW_Camp\ordersystem)
2025-08-219 16:47 b.ordersystem.OrdersystemApplication-The following 1 profile is active: "prod"
2025-08-219 16:47 o.s.d.r.c.RepositoryConfigurationDelegate-Multiple Spring Data modules found, entering strict repository configuration mode
2025-08-219 16:47 o.s.d.r.c.RepositoryConfigurationDelegate-Bootstrapping Spring Data JPA repositories in DEFAULT mode.
2025-08-219 16:47 o.s.d.r.c.RepositoryConfigurationDelegate-Finished Spring Data repository scanning in 371 ms. Found 4 JPA repository interfaces.
2025-08-219 16:47 o.s.d.r.c.RepositoryConfigurationDelegate-Multiple Spring Data modules found, entering strict repository configuration mode
2025-08-219 16:47 o.s.d.r.c.RepositoryConfigurationDelegate-Bootstrapping Spring Data Redis repositories in DEFAULT mode.
2025-08-219 16:47 o.s.d.r.c.RepositoryConfigurationExtensionSupport-Spring Data Redis - Could not safely identify store assignment for repository candidate interface be16.ordersystem.member.repository.MemberRepository; If you want this repository to be a Redis repository, consider annotating your entities with one of these annotations: org.springframework.data.redis.core.RedisHash (preferred), or consider extending one of the following types with your repository: org.springframework.data.keyvalue.repository.KeyValueRepository
2025-08-219 16:47 o.s.d.r.c.RepositoryConfigurationExtensionSupport-Spring Data Redis - Could not safely identify store assignment for repository candidate interface be16.ordersystem.odering.repository.OrderDetailRepository; If you want this repository to be a Redis repository, consider annotating your entities with one of these annotations: org.springframework.data.redis.core.RedisHash (preferred), or consider extending one of the following types with your repository: org.springframework.data.keyvalue.repository.KeyValueRepository
2025-08-219 16:47 o.s.d.r.c.RepositoryConfigurationExtensionSupport-Spring Data Redis - Could not safely identify store assignment for repository candidate interface be16.ordersystem.odering.repository.OrderingRepository; If you want this repository to be a Redis repository, consider annotating your entities with one of these annotations: org.springframework.data.redis.core.RedisHash (preferred), or consider extending one of the following types with your repository: org.springframework.data.keyvalue.repository.KeyValueRepository
2025-08-219 16:47 o.s.d.r.c.RepositoryConfigurationExtensionSupport-Spring Data Redis - Could not safely identify store assignment for repository candidate interface be16.ordersystem.product.repository.ProductRepository; If you want this repository to be a Redis repository, consider annotating your entities with one of these annotations: org.springframework.data.redis.core.RedisHash (preferred), or consider extending one of the following types with your repository: org.springframework.data.keyvalue.repository.KeyValueRepository
2025-08-219 16:47 o.s.d.r.c.RepositoryConfigurationDelegate-Finished Spring Data repository scanning in 21 ms. Found 0 Redis repository interfaces.
2025-08-219 16:47 o.s.b.w.e.tomcat.TomcatWebServer-Tomcat initialized with port 8080 (http)
2025-08-219 16:47 o.a.coyote.http11.Http11NioProtocol-Initializing ProtocolHandler ["http-nio-8080"]
2025-08-219 16:47 o.a.catalina.core.StandardService-Starting service [Tomcat]
2025-08-219 16:47 o.a.catalina.core.StandardEngine-Starting Servlet engine: [Apache Tomcat/10.1.43]
2025-08-219 16:47 o.a.c.c.C.[Tomcat].[localhost].[/]-Initializing Spring embedded WebApplicationContext
2025-08-219 16:47 o.s.b.w.s.c.ServletWebServerApplicationContext-Root WebApplicationContext: initialization completed in 5339 ms
2025-08-219 16:47 o.h.jpa.internal.util.LogHelper-HHH000204: Processing PersistenceUnitInfo [name: default]
2025-08-219 16:47 org.hibernate.Version-HHH000412: Hibernate ORM core version 6.6.22.Final
2025-08-219 16:47 o.h.c.i.RegionFactoryInitiator-HHH000026: Second-level cache disabled
2025-08-219 16:47 o.s.o.j.p.SpringPersistenceUnitInfo-No LoadTimeWeaver setup: ignoring JPA class transformer
2025-08-219 16:47 com.zaxxer.hikari.HikariDataSource-HikariPool-1 - Starting...
2025-08-219 16:47 com.zaxxer.hikari.pool.HikariPool-HikariPool-1 - Added connection org.mariadb.jdbc.Connection@195cbf5e
2025-08-219 16:47 com.zaxxer.hikari.HikariDataSource-HikariPool-1 - Start completed.
2025-08-219 16:47 org.hibernate.orm.deprecation-HHH90000025: MariaDBDialect does not need to be specified explicitly using 'hibernate.dialect' (remove the property setting and it will be selected by default)
2025-08-219 16:47 o.hibernate.orm.connections.pooling-HHH10001005: Database info:
	Database JDBC URL [Connecting through datasource 'HikariDataSource (HikariPool-1)']
	Database driver: undefined/unknown
	Database version: 11.7.2
	Autocommit mode: undefined/unknown
	Isolation level: undefined/unknown
	Minimum pool size: undefined/unknown
	Maximum pool size: undefined/unknown
2025-08-219 16:47 o.h.e.t.j.p.i.JtaPlatformInitiator-HHH000489: No JTA platform available (set 'hibernate.transaction.jta.platform' to enable JTA platform integration)
2025-08-219 16:47 o.s.o.j.LocalContainerEntityManagerFactoryBean-Initialized JPA EntityManagerFactory for persistence unit 'default'
2025-08-219 16:47 o.s.b.a.o.j.JpaBaseConfiguration$JpaWebConfiguration-spring.jpa.open-in-view is enabled by default. Therefore, database queries may be performed during view rendering. Explicitly configure spring.jpa.open-in-view to disable this warning
2025-08-219 16:47 o.s.b.a.s.s.UserDetailsServiceAutoConfiguration-

Using generated security password: 5bfdcb14-ef1d-4649-9b3e-5b90f6ffb53c

This generated password is for development use only. Your security configuration must be updated before running your application in production.

2025-08-219 16:47 o.s.s.c.a.a.c.InitializeUserDetailsBeanManagerConfigurer$InitializeUserDetailsManagerConfigurer-Global AuthenticationManager configured with UserDetailsService bean with name inMemoryUserDetailsManager
2025-08-219 16:47 o.s.s.c.a.w.c.AuthorizeHttpRequestsConfigurer$AuthorizationManagerRequestMatcherRegistry-One of the patterns in [/member/create, /member/login, member/refresh-at, product/list, /v3/api-docs/**, /swagger-ui/**, /swagger-ui.html] is missing a leading slash. This is discouraged; please include the leading slash in all your request matcher patterns. In future versions of Spring Security, leaving out the leading slash will result in an exception.
2025-08-219 16:47 o.a.coyote.http11.Http11NioProtocol-Starting ProtocolHandler ["http-nio-8080"]
2025-08-219 16:47 o.s.b.w.e.tomcat.TomcatWebServer-Tomcat started on port 8080 (http) with context path '/'
2025-08-219 16:47 o.s.a.r.c.CachingConnectionFactory-Attempting to connect to: localhost:5672
2025-08-219 16:47 o.s.a.r.c.CachingConnectionFactory-Created new connection: connectionFactory#7b842e79:0/SimpleConnection@4febb6e6 [delegate=amqp://guest@127.0.0.1:5672/, localPort=49799]
2025-08-219 16:47 b.ordersystem.OrdersystemApplication-Started OrdersystemApplication in 20.582 seconds (process running for 31.931)
2025-08-219 16:48 o.a.c.c.C.[Tomcat].[localhost].[/]-Initializing Spring DispatcherServlet 'dispatcherServlet'
2025-08-219 16:48 o.s.web.servlet.DispatcherServlet-Initializing Servlet 'dispatcherServlet'
2025-08-219 16:48 o.s.web.servlet.DispatcherServlet-Completed initialization in 2 ms
2025-08-219 16:48 b.o.c.service.CommonExceptionHandler-이미 가입된 회원입니다.
2025-08-219 17:00 o.h.validator.internal.util.Version-HV000001: Hibernate Validator 8.0.2.Final
2025-08-219 17:00 b.ordersystem.OrdersystemApplication-Starting OrdersystemApplication using Java 17.0.15 with PID 9524 (C:\Users\Playdata\Desktop\SW_Camp\ordersystem\build\classes\java\main started by Playdata in C:\Users\Playdata\Desktop\SW_Camp\ordersystem)
2025-08-219 17:00 b.ordersystem.OrdersystemApplication-The following 1 profile is active: "prod"
2025-08-219 17:00 o.s.d.r.c.RepositoryConfigurationDelegate-Multiple Spring Data modules found, entering strict repository configuration mode
2025-08-219 17:00 o.s.d.r.c.RepositoryConfigurationDelegate-Bootstrapping Spring Data JPA repositories in DEFAULT mode.
2025-08-219 17:00 o.s.d.r.c.RepositoryConfigurationDelegate-Finished Spring Data repository scanning in 169 ms. Found 4 JPA repository interfaces.
2025-08-219 17:00 o.s.d.r.c.RepositoryConfigurationDelegate-Multiple Spring Data modules found, entering strict repository configuration mode
2025-08-219 17:00 o.s.d.r.c.RepositoryConfigurationDelegate-Bootstrapping Spring Data Redis repositories in DEFAULT mode.
2025-08-219 17:00 o.s.d.r.c.RepositoryConfigurationExtensionSupport-Spring Data Redis - Could not safely identify store assignment for repository candidate interface be16.ordersystem.member.repository.MemberRepository; If you want this repository to be a Redis repository, consider annotating your entities with one of these annotations: org.springframework.data.redis.core.RedisHash (preferred), or consider extending one of the following types with your repository: org.springframework.data.keyvalue.repository.KeyValueRepository
2025-08-219 17:00 o.s.d.r.c.RepositoryConfigurationExtensionSupport-Spring Data Redis - Could not safely identify store assignment for repository candidate interface be16.ordersystem.odering.repository.OrderDetailRepository; If you want this repository to be a Redis repository, consider annotating your entities with one of these annotations: org.springframework.data.redis.core.RedisHash (preferred), or consider extending one of the following types with your repository: org.springframework.data.keyvalue.repository.KeyValueRepository
2025-08-219 17:00 o.s.d.r.c.RepositoryConfigurationExtensionSupport-Spring Data Redis - Could not safely identify store assignment for repository candidate interface be16.ordersystem.odering.repository.OrderingRepository; If you want this repository to be a Redis repository, consider annotating your entities with one of these annotations: org.springframework.data.redis.core.RedisHash (preferred), or consider extending one of the following types with your repository: org.springframework.data.keyvalue.repository.KeyValueRepository
2025-08-219 17:00 o.s.d.r.c.RepositoryConfigurationExtensionSupport-Spring Data Redis - Could not safely identify store assignment for repository candidate interface be16.ordersystem.product.repository.ProductRepository; If you want this repository to be a Redis repository, consider annotating your entities with one of these annotations: org.springframework.data.redis.core.RedisHash (preferred), or consider extending one of the following types with your repository: org.springframework.data.keyvalue.repository.KeyValueRepository
2025-08-219 17:00 o.s.d.r.c.RepositoryConfigurationDelegate-Finished Spring Data repository scanning in 11 ms. Found 0 Redis repository interfaces.
2025-08-219 17:00 o.s.b.w.e.tomcat.TomcatWebServer-Tomcat initialized with port 8080 (http)
2025-08-219 17:00 o.a.coyote.http11.Http11NioProtocol-Initializing ProtocolHandler ["http-nio-8080"]
2025-08-219 17:00 o.a.catalina.core.StandardService-Starting service [Tomcat]
2025-08-219 17:00 o.a.catalina.core.StandardEngine-Starting Servlet engine: [Apache Tomcat/10.1.43]
2025-08-219 17:00 o.a.c.c.C.[Tomcat].[localhost].[/]-Initializing Spring embedded WebApplicationContext
2025-08-219 17:00 o.s.b.w.s.c.ServletWebServerApplicationContext-Root WebApplicationContext: initialization completed in 2541 ms
2025-08-219 17:00 o.h.jpa.internal.util.LogHelper-HHH000204: Processing PersistenceUnitInfo [name: default]
2025-08-219 17:00 org.hibernate.Version-HHH000412: Hibernate ORM core version 6.6.22.Final
2025-08-219 17:00 o.h.c.i.RegionFactoryInitiator-HHH000026: Second-level cache disabled
2025-08-219 17:00 o.s.o.j.p.SpringPersistenceUnitInfo-No LoadTimeWeaver setup: ignoring JPA class transformer
2025-08-219 17:00 com.zaxxer.hikari.HikariDataSource-HikariPool-1 - Starting...
2025-08-219 17:00 com.zaxxer.hikari.pool.HikariPool-HikariPool-1 - Added connection org.mariadb.jdbc.Connection@6f22c1f1
2025-08-219 17:00 com.zaxxer.hikari.HikariDataSource-HikariPool-1 - Start completed.
2025-08-219 17:00 org.hibernate.orm.deprecation-HHH90000025: MariaDBDialect does not need to be specified explicitly using 'hibernate.dialect' (remove the property setting and it will be selected by default)
2025-08-219 17:00 o.hibernate.orm.connections.pooling-HHH10001005: Database info:
	Database JDBC URL [Connecting through datasource 'HikariDataSource (HikariPool-1)']
	Database driver: undefined/unknown
	Database version: 11.7.2
	Autocommit mode: undefined/unknown
	Isolation level: undefined/unknown
	Minimum pool size: undefined/unknown
	Maximum pool size: undefined/unknown
2025-08-219 17:00 o.h.e.t.j.p.i.JtaPlatformInitiator-HHH000489: No JTA platform available (set 'hibernate.transaction.jta.platform' to enable JTA platform integration)
2025-08-219 17:00 o.s.o.j.LocalContainerEntityManagerFactoryBean-Initialized JPA EntityManagerFactory for persistence unit 'default'
2025-08-219 17:00 o.s.b.a.o.j.JpaBaseConfiguration$JpaWebConfiguration-spring.jpa.open-in-view is enabled by default. Therefore, database queries may be performed during view rendering. Explicitly configure spring.jpa.open-in-view to disable this warning
2025-08-219 17:00 o.s.b.a.s.s.UserDetailsServiceAutoConfiguration-

Using generated security password: 6a5556b6-b43f-4ba3-8007-fd83cffff524

This generated password is for development use only. Your security configuration must be updated before running your application in production.

2025-08-219 17:00 o.s.s.c.a.a.c.InitializeUserDetailsBeanManagerConfigurer$InitializeUserDetailsManagerConfigurer-Global AuthenticationManager configured with UserDetailsService bean with name inMemoryUserDetailsManager
2025-08-219 17:00 o.s.s.c.a.w.c.AuthorizeHttpRequestsConfigurer$AuthorizationManagerRequestMatcherRegistry-One of the patterns in [/member/create, /member/login, member/refresh-at, product/list, /v3/api-docs/**, /swagger-ui/**, /swagger-ui.html] is missing a leading slash. This is discouraged; please include the leading slash in all your request matcher patterns. In future versions of Spring Security, leaving out the leading slash will result in an exception.
2025-08-219 17:00 o.a.coyote.http11.Http11NioProtocol-Starting ProtocolHandler ["http-nio-8080"]
2025-08-219 17:00 o.s.b.w.e.tomcat.TomcatWebServer-Tomcat started on port 8080 (http) with context path '/'
2025-08-219 17:00 o.s.a.r.c.CachingConnectionFactory-Attempting to connect to: localhost:5672
2025-08-219 17:00 o.s.a.r.c.CachingConnectionFactory-Created new connection: connectionFactory#3d287f7c:0/SimpleConnection@22cc606d [delegate=amqp://guest@127.0.0.1:5672/, localPort=50098]
2025-08-219 17:00 b.ordersystem.OrdersystemApplication-Started OrdersystemApplication in 8.894 seconds (process running for 9.589)
2025-08-219 17:00 o.a.c.c.C.[Tomcat].[localhost].[/]-Initializing Spring DispatcherServlet 'dispatcherServlet'
2025-08-219 17:00 o.s.web.servlet.DispatcherServlet-Initializing Servlet 'dispatcherServlet'
2025-08-219 17:00 o.s.web.servlet.DispatcherServlet-Completed initialization in 1 ms
2025-08-219 17:06 o.s.d.w.c.SpringDataJacksonConfiguration$PageModule$WarningLoggingModifier-Serializing PageImpl instances as-is is not supported, meaning that there is no guarantee about the stability of the resulting JSON structure!
	For a stable JSON structure, please use Spring Data's PagedModel (globally via @EnableSpringDataWebSupport(pageSerializationMode = VIA_DTO))
	or Spring HATEOAS and Spring Data's PagedResourcesAssembler as documented in https://docs.spring.io/spring-data/commons/reference/repositories/core-extensions.html#core.web.pageables.

